<?xml version="1.0" encoding="UTF-8"?>
<!-- Generated by org.testng.reporters.JUnitReportReporter -->
<testsuite hostname="Imran" failures="0" tests="2" name="quicklearn.mavenjava.RestAPItest" time="0.012" errors="0" timestamp="2022-12-13T14:59:47 IST" skipped="0">
  <testcase classname="quicklearn.mavenjava.RestAPItest" name="RestAPItest1" time="0.010"/>
  <system-out/>
  <testcase classname="quicklearn.mavenjava.RestAPItest" name="RestAPItest2" time="0.002"/>
  <system-out/>
</testsuite> <!-- quicklearn.mavenjava.RestAPItest -->
