<?xml version="1.0" encoding="UTF-8"?>
<!-- Generated by org.testng.reporters.JUnitReportReporter -->
<testsuite hostname="Imran" failures="0" tests="1" name="quicklearn.mavenjava.AppiumTest" time="0.022" errors="0" timestamp="2022-12-13T14:56:46 IST" skipped="0">
  <testcase classname="quicklearn.mavenjava.AppiumTest" name="Appiumtest2" time="0.022"/>
  <system-out/>
</testsuite> <!-- quicklearn.mavenjava.AppiumTest -->
