<?xml version="1.0" encoding="UTF-8"?>
<!-- Generated by org.testng.reporters.JUnitReportReporter -->
<testsuite hostname="Imran" failures="0" tests="1" name="testNG.Day2" time="0.001" errors="0" timestamp="2022-12-14T00:50:40 IST" skipped="0">
  <testcase classname="testNG.Day2" name="test2" time="0.001"/>
  <system-out/>
</testsuite> <!-- testNG.Day2 -->
