<?xml version="1.0" encoding="UTF-8"?>
<!-- Generated by org.testng.reporters.JUnitReportReporter -->
<testsuite hostname="Imran" failures="0" tests="2" name="testNG.day4" time="0.020" errors="0" timestamp="2022-11-03T20:58:53 IST" skipped="0">
  <testcase classname="testNG.day4" name="homeloanmobileapp" time="0.013"/>
  <system-out/>
  <testcase classname="testNG.day4" name="homeloanWebapp" time="0.007"/>
  <system-out/>
</testsuite> <!-- testNG.day4 -->
