<?xml version="1.0" encoding="UTF-8"?>
<!-- Generated by org.testng.reporters.JUnitReportReporter -->
<testsuite hostname="Imran" failures="0" tests="1" name="testNG.day3" time="0.002" errors="0" timestamp="2022-12-14T00:50:40 IST" skipped="0">
  <testcase classname="testNG.day3" name="carloanWebapp" time="0.002"/>
  <system-out/>
</testsuite> <!-- testNG.day3 -->
