<?xml version="1.0" encoding="UTF-8"?>
<!-- Generated by org.testng.reporters.JUnitReportReporter -->
<testsuite hostname="Imran" failures="0" tests="2" name="testNG_Base.PersonalLoan" time="0.012" errors="0" timestamp="2022-12-14T00:14:01 IST" skipped="0">
  <testcase classname="testNG_Base.PersonalLoan" name="Below5lLoan" time="0.002"/>
  <system-out/>
  <testcase classname="testNG_Base.PersonalLoan" name="Above5lLoan" time="0.010"/>
  <system-out/>
</testsuite> <!-- testNG_Base.PersonalLoan -->
