<?xml version="1.0" encoding="UTF-8"?>
<!-- Generated by org.testng.reporters.JUnitReportReporter -->
<testsuite hostname="Imran" failures="0" tests="2" name="testNG.Day1" time="0.009" errors="0" timestamp="2022-12-14T00:50:40 IST" skipped="1">
  <testcase classname="testNG.Day1" name="test2" time="0.009"/>
  <system-out/>
  <testcase classname="testNG.Day1" name="test4">
    <skipped/>
  </testcase> <!-- test4 -->
  <system-out/>
</testsuite> <!-- testNG.Day1 -->
