<?xml version="1.0" encoding="UTF-8"?>
<!-- Generated by org.testng.reporters.JUnitReportReporter -->
<testsuite hostname="Imran" failures="0" tests="2" name="testNG_test.TestNGbasic2" time="0.003" errors="0" timestamp="2022-11-02T15:46:19 IST" skipped="0">
  <testcase classname="testNG_test.TestNGbasic2" name="test2" time="0.001"/>
  <system-out/>
  <testcase classname="testNG_test.TestNGbasic2" name="test1" time="0.002"/>
  <system-out/>
</testsuite> <!-- testNG_test.TestNGbasic2 -->
