<?xml version="1.0" encoding="UTF-8"?>
<!-- Generated by org.testng.reporters.JUnitReportReporter -->
<testsuite hostname="Imran" failures="0" tests="2" name="testNG.day3" time="0.019" errors="0" timestamp="2022-11-03T20:58:53 IST" skipped="0">
  <testcase classname="testNG.day3" name="carloanWebapp" time="0.005"/>
  <system-out/>
  <testcase classname="testNG.day3" name="carloanrestapi" time="0.014"/>
  <system-out/>
</testsuite> <!-- testNG.day3 -->
