<?xml version="1.0" encoding="UTF-8"?>
<!-- Generated by org.testng.reporters.JUnitReportReporter -->
<testsuite hostname="Imran" failures="0" tests="2" name="testNG.Day2" time="0.004" errors="0" timestamp="2022-11-03T20:58:53 IST" skipped="0">
  <testcase classname="testNG.Day2" name="test1" time="0.002"/>
  <system-out/>
  <testcase classname="testNG.Day2" name="test2" time="0.002"/>
  <system-out/>
</testsuite> <!-- testNG.Day2 -->
