<?xml version="1.0" encoding="UTF-8"?>
<!-- Generated by org.testng.reporters.JUnitReportReporter -->
<testsuite hostname="Imran" failures="0" tests="2" name="testNG_Base.HomeLoan" time="0.003" errors="0" timestamp="2022-12-14T00:14:01 IST" skipped="0">
  <testcase classname="testNG_Base.HomeLoan" name="Above5lLoan_home" time="0.001"/>
  <system-out/>
  <testcase classname="testNG_Base.HomeLoan" name="Below5lLoan_home" time="0.002"/>
  <system-out/>
</testsuite> <!-- testNG_Base.HomeLoan -->
