<?xml version="1.0" encoding="UTF-8"?>
<!-- Generated by org.testng.reporters.JUnitReportReporter -->
<testsuite hostname="Imran" failures="0" tests="2" name="testNG_Base.CarLoan2" time="0.005" errors="0" timestamp="2022-12-16T22:37:11 IST" skipped="0">
  <testcase classname="testNG_Base.CarLoan2" name="Above15lLoan" time="0.003"/>
  <system-out/>
  <testcase classname="testNG_Base.CarLoan2" name="Near10lLoan" time="0.002"/>
  <system-out/>
</testsuite> <!-- testNG_Base.CarLoan2 -->
