<?xml version="1.0" encoding="UTF-8"?>
<!-- Generated by org.testng.reporters.JUnitReportReporter -->
<testsuite hostname="Imran" failures="0" tests="2" name="testNG_Base.HomeLoan2" time="0.007" errors="0" timestamp="2022-12-16T22:37:11 IST" skipped="0">
  <testcase classname="testNG_Base.HomeLoan2" name="Above15lLoan_home" time="0.006"/>
  <system-out/>
  <testcase classname="testNG_Base.HomeLoan2" name="Below15lLoan_home" time="0.001"/>
  <system-out/>
</testsuite> <!-- testNG_Base.HomeLoan2 -->
