<?xml version="1.0" encoding="UTF-8"?>
<!-- Generated by org.testng.reporters.JUnitReportReporter -->
<testsuite hostname="Imran" failures="0" tests="4" name="testNG.Day1" time="0.016" errors="0" timestamp="2022-11-03T20:58:53 IST" skipped="1">
  <testcase classname="testNG.Day1" name="test1" time="0.002"/>
  <system-out/>
  <testcase classname="testNG.Day1" name="test2" time="0.012"/>
  <system-out/>
  <testcase classname="testNG.Day1" name="test3" time="0.002"/>
  <system-out/>
  <testcase classname="testNG.Day1" name="test4">
    <skipped/>
  </testcase> <!-- test4 -->
  <system-out/>
</testsuite> <!-- testNG.Day1 -->
