<?xml version="1.0" encoding="UTF-8"?>
<!-- Generated by org.testng.reporters.JUnitReportReporter -->
<testsuite hostname="Imran" failures="0" tests="2" name="testCase.Login_forgetPasswordtestcase$Login_forgetpasswordtestcase" time="2.662" errors="0" timestamp="2023-12-03T17:50:44 IST" skipped="0">
  <testcase classname="testCase.Login_forgetPasswordtestcase$Login_forgetpasswordtestcase" name="Login_invalidtc" time="1.522"/>
  <system-out/>
  <testcase classname="testCase.Login_forgetPasswordtestcase$Login_forgetpasswordtestcase" name="Log_outtc" time="1.140"/>
  <system-out/>
</testsuite> <!-- testCase.Login_forgetPasswordtestcase$Login_forgetpasswordtestcase -->
