<?xml version="1.0" encoding="UTF-8"?>
<!-- Generated by org.testng.reporters.JUnitReportReporter -->
<testsuite hostname="Imran" failures="0" tests="1" name="testCase.Login_Validtestcase" time="1.491" errors="0" timestamp="2023-12-03T15:13:34 IST" skipped="0">
  <testcase classname="testCase.Login_Validtestcase" name="Login_invalidtc" time="1.491"/>
  <system-out/>
</testsuite> <!-- testCase.Login_Validtestcase -->
