<?xml version="1.0" encoding="UTF-8"?>
<!-- Generated by org.testng.reporters.JUnitReportReporter -->
<testsuite hostname="Imran" failures="0" tests="1" name="testCase.Login_invalidtestcase" time="1.725" errors="0" timestamp="2023-12-03T15:13:34 IST" skipped="0">
  <testcase classname="testCase.Login_invalidtestcase" name="login_invalid" time="1.725"/>
  <system-out/>
</testsuite> <!-- testCase.Login_invalidtestcase -->
